[ 2017-02-23T11:18:24+08:00 ] 127.0.0.1 /
INFO: [ app_init ] --START--
INFO: Run Behavior\BuildLiteBehavior [ RunTime:0.000041s ]
INFO: [ app_init ] --END-- [ RunTime:0.000694s ]
INFO: [ app_begin ] --START--
INFO: Run Behavior\ReadHtmlCacheBehavior [ RunTime:0.000418s ]
INFO: [ app_begin ] --END-- [ RunTime:0.000511s ]
SQL: SHOW COLUMNS FROM `bus_province` [ RunTime:0.0645s ]
SQL: SELECT * FROM `bus_province` WHERE ( province_name = '安徽' ) LIMIT 1   [ RunTime:0.0004s ]
SQL: SHOW COLUMNS FROM `bus_city` [ RunTime:0.0220s ]
SQL: INSERT INTO `bus_city` (`city_name`,`city_pinyin`,`province_id`) VALUES ('安庆','anqing','1') [ RunTime:0.0402s ]
SQL: INSERT INTO `bus_city` (`city_name`,`city_pinyin`,`province_id`) VALUES ('蚌埠','bengbu','1') [ RunTime:0.0327s ]
SQL: INSERT INTO `bus_city` (`city_name`,`city_pinyin`,`province_id`) VALUES ('亳州','bozhou','1') [ RunTime:0.0329s ]
SQL: INSERT INTO `bus_city` (`city_name`,`city_pinyin`,`province_id`) VALUES ('巢湖','chaohu','1') [ RunTime:0.0331s ]
SQL: INSERT INTO `bus_city` (`city_name`,`city_pinyin`,`province_id`) VALUES ('池州','chizhou','1') [ RunTime:0.0322s ]
SQL: INSERT INTO `bus_city` (`city_name`,`city_pinyin`,`province_id`) VALUES ('滁州','chuzhou','1') [ RunTime:0.0321s ]
SQL: INSERT INTO `bus_city` (`city_name`,`city_pinyin`,`province_id`) VALUES ('阜阳','fuyang','1') [ RunTime:0.0330s ]
SQL: INSERT INTO `bus_city` (`city_name`,`city_pinyin`,`province_id`) VALUES ('合肥','hefei','1') [ RunTime:0.0328s ]
SQL: INSERT INTO `bus_city` (`city_name`,`city_pinyin`,`province_id`) VALUES ('淮北','huaibei','1') [ RunTime:0.0332s ]
SQL: INSERT INTO `bus_city` (`city_name`,`city_pinyin`,`province_id`) VALUES ('淮南','huainan','1') [ RunTime:0.0323s ]
SQL: INSERT INTO `bus_city` (`city_name`,`city_pinyin`,`province_id`) VALUES ('黄山','huangshan','1') [ RunTime:0.0319s ]
SQL: INSERT INTO `bus_city` (`city_name`,`city_pinyin`,`province_id`) VALUES ('六安','liuan','1') [ RunTime:0.0326s ]
SQL: INSERT INTO `bus_city` (`city_name`,`city_pinyin`,`province_id`) VALUES ('马鞍山','maanshan','1') [ RunTime:0.0327s ]
SQL: INSERT INTO `bus_city` (`city_name`,`city_pinyin`,`province_id`) VALUES ('明光','mingguang','1') [ RunTime:0.0329s ]
SQL: INSERT INTO `bus_city` (`city_name`,`city_pinyin`,`province_id`) VALUES ('宿州','suzhou2','1') [ RunTime:0.0329s ]
SQL: INSERT INTO `bus_city` (`city_name`,`city_pinyin`,`province_id`) VALUES ('天长','tianchang','1') [ RunTime:0.0328s ]
SQL: INSERT INTO `bus_city` (`city_name`,`city_pinyin`,`province_id`) VALUES ('铜陵','tongling','1') [ RunTime:0.0330s ]
SQL: INSERT INTO `bus_city` (`city_name`,`city_pinyin`,`province_id`) VALUES ('芜湖','wuhu','1') [ RunTime:0.0324s ]
SQL: INSERT INTO `bus_city` (`city_name`,`city_pinyin`,`province_id`) VALUES ('宣城','xuancheng','1') [ RunTime:0.0328s ]
SQL: SELECT * FROM `bus_province` WHERE ( province_name = '澳门' ) LIMIT 1   [ RunTime:0.0004s ]
SQL: INSERT INTO `bus_city` (`city_name`,`city_pinyin`,`province_id`) VALUES ('澳门','macao','2') [ RunTime:0.0325s ]
SQL: SELECT * FROM `bus_province` WHERE ( province_name = '北京' ) LIMIT 1   [ RunTime:0.0007s ]
SQL: INSERT INTO `bus_city` (`city_name`,`city_pinyin`,`province_id`) VALUES ('北京','beijing','3') [ RunTime:0.0315s ]
SQL: SELECT * FROM `bus_province` WHERE ( province_name = '福建' ) LIMIT 1   [ RunTime:0.0006s ]
SQL: INSERT INTO `bus_city` (`city_name`,`city_pinyin`,`province_id`) VALUES ('长乐','changle','4') [ RunTime:0.0307s ]
SQL: INSERT INTO `bus_city` (`city_name`,`city_pinyin`,`province_id`) VALUES ('福州','fuzhou','4') [ RunTime:0.0643s ]
SQL: INSERT INTO `bus_city` (`city_name`,`city_pinyin`,`province_id`) VALUES ('晋江','jinjiang','4') [ RunTime:0.0457s ]
SQL: INSERT INTO `bus_city` (`city_name`,`city_pinyin`,`province_id`) VALUES ('龙海','longhai','4') [ RunTime:0.0329s ]
SQL: INSERT INTO `bus_city` (`city_name`,`city_pinyin`,`province_id`) VALUES ('龙岩','longyan','4') [ RunTime:0.0328s ]
SQL: INSERT INTO `bus_city` (`city_name`,`city_pinyin`,`province_id`) VALUES ('南安','nanan','4') [ RunTime:0.0330s ]
SQL: INSERT INTO `bus_city` (`city_name`,`city_pinyin`,`province_id`) VALUES ('南平','nanping','4') [ RunTime:0.0328s ]
SQL: INSERT INTO `bus_city` (`city_name`,`city_pinyin`,`province_id`) VALUES ('宁德','ningde','4') [ RunTime:0.0329s ]
SQL: INSERT INTO `bus_city` (`city_name`,`city_pinyin`,`province_id`) VALUES ('莆田','putian','4') [ RunTime:0.0650s ]
SQL: INSERT INTO `bus_city` (`city_name`,`city_pinyin`,`province_id`) VALUES ('泉州','quanzhou','4') [ RunTime:0.0624s ]
SQL: INSERT INTO `bus_city` (`city_name`,`city_pinyin`,`province_id`) VALUES ('三明','sanming','4') [ RunTime:0.0708s ]
SQL: INSERT INTO `bus_city` (`city_name`,`city_pinyin`,`province_id`) VALUES ('石狮','shishi','4') [ RunTime:0.0716s ]
SQL: INSERT INTO `bus_city` (`city_name`,`city_pinyin`,`province_id`) VALUES ('厦门','xiamen','4') [ RunTime:0.0486s ]
SQL: INSERT INTO `bus_city` (`city_name`,`city_pinyin`,`province_id`) VALUES ('永安','yongan','4') [ RunTime:0.0329s ]
SQL: INSERT INTO `bus_city` (`city_name`,`city_pinyin`,`province_id`) VALUES ('漳州','zhangzhou','4') [ RunTime:0.0329s ]
SQL: SELECT * FROM `bus_province` WHERE ( province_name = '甘肃' ) LIMIT 1   [ RunTime:0.0004s ]
SQL: INSERT INTO `bus_city` (`city_name`,`city_pinyin`,`province_id`) VALUES ('白银','baiyin','5') [ RunTime:0.0318s ]
SQL: INSERT INTO `bus_city` (`city_name`,`city_pinyin`,`province_id`) VALUES ('定西','dingxi','5') [ RunTime:0.0329s ]
SQL: INSERT INTO `bus_city` (`city_name`,`city_pinyin`,`province_id`) VALUES ('嘉峪关','jiayuguan','5') [ RunTime:0.0329s ]
SQL: INSERT INTO `bus_city` (`city_name`,`city_pinyin`,`province_id`) VALUES ('金昌','jinchang','5') [ RunTime:0.0328s ]
SQL: INSERT INTO `bus_city` (`city_name`,`city_pinyin`,`province_id`) VALUES ('酒泉','jiuquan','5') [ RunTime:0.0329s ]
SQL: INSERT INTO `bus_city` (`city_name`,`city_pinyin`,`province_id`) VALUES ('兰州','lanzhou','5') [ RunTime:0.0328s ]
SQL: INSERT INTO `bus_city` (`city_name`,`city_pinyin`,`province_id`) VALUES ('临夏','linxia','5') [ RunTime:0.0328s ]
SQL: INSERT INTO `bus_city` (`city_name`,`city_pinyin`,`province_id`) VALUES ('平凉','pingliang','5') [ RunTime:0.0329s ]
SQL: INSERT INTO `bus_city` (`city_name`,`city_pinyin`,`province_id`) VALUES ('庆阳','qingyang','5') [ RunTime:0.0330s ]
SQL: INSERT INTO `bus_city` (`city_name`,`city_pinyin`,`province_id`) VALUES ('天水','tianshui','5') [ RunTime:0.0331s ]
SQL: INSERT INTO `bus_city` (`city_name`,`city_pinyin`,`province_id`) VALUES ('武威','wuwei','5') [ RunTime:0.0319s ]
SQL: INSERT INTO `bus_city` (`city_name`,`city_pinyin`,`province_id`) VALUES ('张掖','zhangye','5') [ RunTime:0.0327s ]
SQL: SELECT * FROM `bus_province` WHERE ( province_name = '广东' ) LIMIT 1   [ RunTime:0.0002s ]
SQL: INSERT INTO `bus_city` (`city_name`,`city_pinyin`,`province_id`) VALUES ('潮州','chaozhou','6') [ RunTime:0.0323s ]
SQL: INSERT INTO `bus_city` (`city_name`,`city_pinyin`,`province_id`) VALUES ('从化','conghua','6') [ RunTime:0.0329s ]
SQL: INSERT INTO `bus_city` (`city_name`,`city_pinyin`,`province_id`) VALUES ('东莞','dongguan','6') [ RunTime:0.0333s ]
SQL: INSERT INTO `bus_city` (`city_name`,`city_pinyin`,`province_id`) VALUES ('佛山','foshan','6') [ RunTime:0.0323s ]
SQL: INSERT INTO `bus_city` (`city_name`,`city_pinyin`,`province_id`) VALUES ('高州','gaozhou','6') [ RunTime:0.0317s ]
SQL: INSERT INTO `bus_city` (`city_name`,`city_pinyin`,`province_id`) VALUES ('广州','guangzhou','6') [ RunTime:0.0331s ]
SQL: INSERT INTO `bus_city` (`city_name`,`city_pinyin`,`province_id`) VALUES ('河源','heyuan','6') [ RunTime:0.0328s ]
SQL: INSERT INTO `bus_city` (`city_name`,`city_pinyin`,`province_id`) VALUES ('花都','huadu','6') [ RunTime:0.0327s ]
SQL: INSERT INTO `bus_city` (`city_name`,`city_pinyin`,`province_id`) VALUES ('江门','jiangmen','6') [ RunTime:0.0329s ]
SQL: INSERT INTO `bus_city` (`city_name`,`city_pinyin`,`province_id`) VALUES ('揭阳','jieyang','6') [ RunTime:0.0329s ]
SQL: INSERT INTO `bus_city` (`city_name`,`city_pinyin`,`province_id`) VALUES ('开平','kaiping','6') [ RunTime:0.0323s ]
SQL: INSERT INTO `bus_city` (`city_name`,`city_pinyin`,`province_id`) VALUES ('乐昌','lechang','6') [ RunTime:0.0329s ]
SQL: INSERT INTO `bus_city` (`city_name`,`city_pinyin`,`province_id`) VALUES ('连州','lianzhou','6') [ RunTime:0.0329s ]
SQL: INSERT INTO `bus_city` (`city_name`,`city_pinyin`,`province_id`) VALUES ('茂名','maoming','6') [ RunTime:0.0328s ]
SQL: INSERT INTO `bus_city` (`city_name`,`city_pinyin`,`province_id`) VALUES ('梅州','meizhou','6') [ RunTime:0.0330s ]
SQL: INSERT INTO `bus_city` (`city_name`,`city_pinyin`,`province_id`) VALUES ('普宁','puning','6') [ RunTime:0.0328s ]
SQL: INSERT INTO `bus_city` (`city_name`,`city_pinyin`,`province_id`) VALUES ('汕头','shantou','6') [ RunTime:0.0323s ]
SQL: INSERT INTO `bus_city` (`city_name`,`city_pinyin`,`province_id`) VALUES ('汕尾','shanwei','6') [ RunTime:0.0328s ]
SQL: INSERT INTO `bus_city` (`city_name`,`city_pinyin`,`province_id`) VALUES ('韶关','shaoguan','6') [ RunTime:0.0328s ]
SQL: INSERT INTO `bus_city` (`city_name`,`city_pinyin`,`province_id`) VALUES ('深圳','shenzhen','6') [ RunTime:0.0331s ]
SQL: INSERT INTO `bus_city` (`city_name`,`city_pinyin`,`province_id`) VALUES ('顺德','shunde','6') [ RunTime:0.0322s ]
SQL: INSERT INTO `bus_city` (`city_name`,`city_pinyin`,`province_id`) VALUES ('四会','sihui','6') [ RunTime:0.0328s ]
SQL: INSERT INTO `bus_city` (`city_name`,`city_pinyin`,`province_id`) VALUES ('台山','taishan','6') [ RunTime:0.0332s ]
SQL: INSERT INTO `bus_city` (`city_name`,`city_pinyin`,`province_id`) VALUES ('阳春','yangchun','6') [ RunTime:0.0324s ]
SQL: INSERT INTO `bus_city` (`city_name`,`city_pinyin`,`province_id`) VALUES ('阳江','yangjiang','6') [ RunTime:0.0325s ]
SQL: INSERT INTO `bus_city` (`city_name`,`city_pinyin`,`province_id`) VALUES ('云浮','yunfu','6') [ RunTime:0.0328s ]
SQL: INSERT INTO `bus_city` (`city_name`,`city_pinyin`,`province_id`) VALUES ('增城','zengcheng','6') [ RunTime:0.0330s ]
SQL: INSERT INTO `bus_city` (`city_name`,`city_pinyin`,`province_id`) VALUES ('湛江','zhanjiang','6') [ RunTime:0.0329s ]
SQL: INSERT INTO `bus_city` (`city_name`,`city_pinyin`,`province_id`) VALUES ('肇庆','zhaoqing','6') [ RunTime:0.0327s ]
SQL: INSERT INTO `bus_city` (`city_name`,`city_pinyin`,`province_id`) VALUES ('中山','zhongshan','6') [ RunTime:0.0330s ]
SQL: INSERT INTO `bus_city` (`city_name`,`city_pinyin`,`province_id`) VALUES ('珠海','zhuhai','6') [ RunTime:0.0320s ]
SQL: SELECT * FROM `bus_province` WHERE ( province_name = '广西' ) LIMIT 1   [ RunTime:0.0003s ]
SQL: INSERT INTO `bus_city` (`city_name`,`city_pinyin`,`province_id`) VALUES ('百色','baise','7') [ RunTime:0.0322s ]
SQL: INSERT INTO `bus_city` (`city_name`,`city_pinyin`,`province_id`) VALUES ('北海','beihai','7') [ RunTime:0.0328s ]
SQL: INSERT INTO `bus_city` (`city_name`,`city_pinyin`,`province_id`) VALUES ('崇左','chongzuo','7') [ RunTime:0.0329s ]
SQL: INSERT INTO `bus_city` (`city_name`,`city_pinyin`,`province_id`) VALUES ('防城港','fangchenggang','7') [ RunTime:0.0328s ]
SQL: INSERT INTO `bus_city` (`city_name`,`city_pinyin`,`province_id`) VALUES ('贵港','guigang','7') [ RunTime:0.0329s ]
SQL: INSERT INTO `bus_city` (`city_name`,`city_pinyin`,`province_id`) VALUES ('桂林','guilin','7') [ RunTime:0.0326s ]
SQL: INSERT INTO `bus_city` (`city_name`,`city_pinyin`,`province_id`) VALUES ('河池','hechi','7') [ RunTime:0.0325s ]
SQL: INSERT INTO `bus_city` (`city_name`,`city_pinyin`,`province_id`) VALUES ('贺州','hezhou','7') [ RunTime:0.0327s ]
SQL: INSERT INTO `bus_city` (`city_name`,`city_pinyin`,`province_id`) VALUES ('来宾','laibin','7') [ RunTime:0.0324s ]
SQL: INSERT INTO `bus_city` (`city_name`,`city_pinyin`,`province_id`) VALUES ('柳州','liuzhou','7') [ RunTime:0.0329s ]
SQL: INSERT INTO `bus_city` (`city_name`,`city_pinyin`,`province_id`) VALUES ('南宁','nanning','7') [ RunTime:0.0328s ]
SQL: INSERT INTO `bus_city` (`city_name`,`city_pinyin`,`province_id`) VALUES ('钦州','qinzhou','7') [ RunTime:0.0329s ]
SQL: INSERT INTO `bus_city` (`city_name`,`city_pinyin`,`province_id`) VALUES ('梧州','wuzhou','7') [ RunTime:0.0329s ]
SQL: INSERT INTO `bus_city` (`city_name`,`city_pinyin`,`province_id`) VALUES ('玉林','yulin2','7') [ RunTime:0.0329s ]
SQL: SELECT * FROM `bus_province` WHERE ( province_name = '贵州' ) LIMIT 1   [ RunTime:0.0006s ]
SQL: INSERT INTO `bus_city` (`city_name`,`city_pinyin`,`province_id`) VALUES ('安顺','anshun','8') [ RunTime:0.0320s ]
SQL: INSERT INTO `bus_city` (`city_name`,`city_pinyin`,`province_id`) VALUES ('毕节','bijie','8') [ RunTime:0.0341s ]
SQL: INSERT INTO `bus_city` (`city_name`,`city_pinyin`,`province_id`) VALUES ('赤水','chishui','8') [ RunTime:0.0308s ]
SQL: INSERT INTO `bus_city` (`city_name`,`city_pinyin`,`province_id`) VALUES ('都匀','douyun','8') [ RunTime:0.0329s ]
SQL: INSERT INTO `bus_city` (`city_name`,`city_pinyin`,`province_id`) VALUES ('贵阳','guiyang','8') [ RunTime:0.0331s ]
SQL: INSERT INTO `bus_city` (`city_name`,`city_pinyin`,`province_id`) VALUES ('凯里','kaili','8') [ RunTime:0.0430s ]
SQL: INSERT INTO `bus_city` (`city_name`,`city_pinyin`,`province_id`) VALUES ('六盘水','liupanshui','8') [ RunTime:0.0329s ]
SQL: INSERT INTO `bus_city` (`city_name`,`city_pinyin`,`province_id`) VALUES ('黔南','qiannan','8') [ RunTime:0.0327s ]
SQL: INSERT INTO `bus_city` (`city_name`,`city_pinyin`,`province_id`) VALUES ('清镇','qingzhen','8') [ RunTime:0.0328s ]
SQL: INSERT INTO `bus_city` (`city_name`,`city_pinyin`,`province_id`) VALUES ('天柱','tianzhu','8') [ RunTime:0.0691s ]
SQL: INSERT INTO `bus_city` (`city_name`,`city_pinyin`,`province_id`) VALUES ('铜仁','tongren','8') [ RunTime:0.0516s ]
SQL: INSERT INTO `bus_city` (`city_name`,`city_pinyin`,`province_id`) VALUES ('遵义','zunyi','8') [ RunTime:0.0329s ]
SQL: SELECT * FROM `bus_province` WHERE ( province_name = '海南' ) LIMIT 1   [ RunTime:0.0003s ]
SQL: INSERT INTO `bus_city` (`city_name`,`city_pinyin`,`province_id`) VALUES ('海口','haikou','9') [ RunTime:0.0322s ]
SQL: INSERT INTO `bus_city` (`city_name`,`city_pinyin`,`province_id`) VALUES ('琼海','qionghai','9') [ RunTime:0.0329s ]
SQL: INSERT INTO `bus_city` (`city_name`,`city_pinyin`,`province_id`) VALUES ('三亚','sanya','9') [ RunTime:0.0332s ]
SQL: SELECT * FROM `bus_province` WHERE ( province_name = '河北' ) LIMIT 1   [ RunTime:0.0005s ]
SQL: INSERT INTO `bus_city` (`city_name`,`city_pinyin`,`province_id`) VALUES ('保定','baoding','10') [ RunTime:0.0312s ]
SQL: INSERT INTO `bus_city` (`city_name`,`city_pinyin`,`province_id`) VALUES ('沧州','cangzhou','10') [ RunTime:0.0330s ]
SQL: INSERT INTO `bus_city` (`city_name`,`city_pinyin`,`province_id`) VALUES ('承德','chengde','10') [ RunTime:0.0327s ]
SQL: INSERT INTO `bus_city` (`city_name`,`city_pinyin`,`province_id`) VALUES ('邯郸','handan','10') [ RunTime:0.0328s ]
SQL: INSERT INTO `bus_city` (`city_name`,`city_pinyin`,`province_id`) VALUES ('衡水','hengshui','10') [ RunTime:0.0332s ]
SQL: INSERT INTO `bus_city` (`city_name`,`city_pinyin`,`province_id`) VALUES ('廊坊','langfang','10') [ RunTime:0.0321s ]
SQL: INSERT INTO `bus_city` (`city_name`,`city_pinyin`,`province_id`) VALUES ('迁安','qianan','10') [ RunTime:0.0326s ]
SQL: INSERT INTO `bus_city` (`city_name`,`city_pinyin`,`province_id`) VALUES ('秦皇岛','qinhuangdao','10') [ RunTime:0.0326s ]
SQL: INSERT INTO `bus_city` (`city_name`,`city_pinyin`,`province_id`) VALUES ('石家庄','shijiazhuang','10') [ RunTime:0.0329s ]
SQL: INSERT INTO `bus_city` (`city_name`,`city_pinyin`,`province_id`) VALUES ('唐山','tangshan','10') [ RunTime:0.0328s ]
SQL: INSERT INTO `bus_city` (`city_name`,`city_pinyin`,`province_id`) VALUES ('武安','wuan','10') [ RunTime:0.0328s ]
SQL: INSERT INTO `bus_city` (`city_name`,`city_pinyin`,`province_id`) VALUES ('邢台','xingtai','10') [ RunTime:0.0329s ]
SQL: INSERT INTO `bus_city` (`city_name`,`city_pinyin`,`province_id`) VALUES ('张家口','zhangjiakou','10') [ RunTime:0.0328s ]
SQL: SELECT * FROM `bus_province` WHERE ( province_name = '河南' ) LIMIT 1   [ RunTime:0.0004s ]
SQL: INSERT INTO `bus_city` (`city_name`,`city_pinyin`,`province_id`) VALUES ('安阳','anyang','11') [ RunTime:0.0325s ]
SQL: INSERT INTO `bus_city` (`city_name`,`city_pinyin`,`province_id`) VALUES ('巩义','gongyi','11') [ RunTime:0.0322s ]
SQL: INSERT INTO `bus_city` (`city_name`,`city_pinyin`,`province_id`) VALUES ('鹤壁','hebi','11') [ RunTime:0.0328s ]
SQL: INSERT INTO `bus_city` (`city_name`,`city_pinyin`,`province_id`) VALUES ('济源','jiyuan','11') [ RunTime:0.0329s ]
SQL: INSERT INTO `bus_city` (`city_name`,`city_pinyin`,`province_id`) VALUES ('焦作','jiaozuo','11') [ RunTime:0.0328s ]
SQL: INSERT INTO `bus_city` (`city_name`,`city_pinyin`,`province_id`) VALUES ('开封','kaifeng','11') [ RunTime:0.0328s ]
SQL: INSERT INTO `bus_city` (`city_name`,`city_pinyin`,`province_id`) VALUES ('灵宝','lingbao','11') [ RunTime:0.0329s ]
SQL: INSERT INTO `bus_city` (`city_name`,`city_pinyin`,`province_id`) VALUES ('洛阳','luoyang','11') [ RunTime:0.0329s ]
SQL: INSERT INTO `bus_city` (`city_name`,`city_pinyin`,`province_id`) VALUES ('漯河','luohe','11') [ RunTime:0.0332s ]
SQL: INSERT INTO `bus_city` (`city_name`,`city_pinyin`,`province_id`) VALUES ('南阳','nanyang','11') [ RunTime:0.0320s ]
SQL: INSERT INTO `bus_city` (`city_name`,`city_pinyin`,`province_id`) VALUES ('平顶山','pingdingshan','11') [ RunTime:0.0325s ]
SQL: INSERT INTO `bus_city` (`city_name`,`city_pinyin`,`province_id`) VALUES ('濮阳','puyang','11') [ RunTime:0.0330s ]
SQL: INSERT INTO `bus_city` (`city_name`,`city_pinyin`,`province_id`) VALUES ('三门峡','sanmenxia','11') [ RunTime:0.0329s ]
SQL: INSERT INTO `bus_city` (`city_name`,`city_pinyin`,`province_id`) VALUES ('商丘','shangqiu','11') [ RunTime:0.0326s ]
SQL: INSERT INTO `bus_city` (`city_name`,`city_pinyin`,`province_id`) VALUES ('项城','xiangcheng','11') [ RunTime:0.0331s ]
SQL: INSERT INTO `bus_city` (`city_name`,`city_pinyin`,`province_id`) VALUES ('新乡','xinxiang','11') [ RunTime:0.0319s ]
SQL: INSERT INTO `bus_city` (`city_name`,`city_pinyin`,`province_id`) VALUES ('信阳','xinyang','11') [ RunTime:0.0326s ]
SQL: INSERT INTO `bus_city` (`city_name`,`city_pinyin`,`province_id`) VALUES ('许昌','xuchang','11') [ RunTime:0.0318s ]
SQL: INSERT INTO `bus_city` (`city_name`,`city_pinyin`,`province_id`) VALUES ('郑州','zhengzhou','11') [ RunTime:0.0332s ]
SQL: INSERT INTO `bus_city` (`city_name`,`city_pinyin`,`province_id`) VALUES ('周口','zhoukou','11') [ RunTime:0.0321s ]
SQL: INSERT INTO `bus_city` (`city_name`,`city_pinyin`,`province_id`) VALUES ('驻马店','zhumadian','11') [ RunTime:0.0328s ]
SQL: SELECT * FROM `bus_province` WHERE ( province_name = '黑龙江' ) LIMIT 1   [ RunTime:0.0003s ]
SQL: INSERT INTO `bus_city` (`city_name`,`city_pinyin`,`province_id`) VALUES ('大庆','daqing','12') [ RunTime:0.0323s ]
SQL: INSERT INTO `bus_city` (`city_name`,`city_pinyin`,`province_id`) VALUES ('哈尔滨','haerbin','12') [ RunTime:0.0329s ]
SQL: INSERT INTO `bus_city` (`city_name`,`city_pinyin`,`province_id`) VALUES ('鹤岗','hegang','12') [ RunTime:0.0330s ]
SQL: INSERT INTO `bus_city` (`city_name`,`city_pinyin`,`province_id`) VALUES ('黑河','heihe','12') [ RunTime:0.0329s ]
SQL: INSERT INTO `bus_city` (`city_name`,`city_pinyin`,`province_id`) VALUES ('鸡西','jixi','12') [ RunTime:0.0298s ]
SQL: INSERT INTO `bus_city` (`city_name`,`city_pinyin`,`province_id`) VALUES ('佳木斯','jiamusi','12') [ RunTime:0.0342s ]
SQL: INSERT INTO `bus_city` (`city_name`,`city_pinyin`,`province_id`) VALUES ('牡丹江','mudanjiang','12') [ RunTime:0.0328s ]
SQL: INSERT INTO `bus_city` (`city_name`,`city_pinyin`,`province_id`) VALUES ('齐齐哈尔','qiqihaer','12') [ RunTime:0.0329s ]
SQL: INSERT INTO `bus_city` (`city_name`,`city_pinyin`,`province_id`) VALUES ('双鸭山','shuangyashan','12') [ RunTime:0.0328s ]
SQL: INSERT INTO `bus_city` (`city_name`,`city_pinyin`,`province_id`) VALUES ('绥化','suihua','12') [ RunTime:0.0327s ]
SQL: INSERT INTO `bus_city` (`city_name`,`city_pinyin`,`province_id`) VALUES ('伊春','yichun2','12') [ RunTime:0.0327s ]
SQL: INSERT INTO `bus_city` (`city_name`,`city_pinyin`,`province_id`) VALUES ('肇东','zhaodong','12') [ RunTime:0.0330s ]
SQL: SELECT * FROM `bus_province` WHERE ( province_name = '湖北' ) LIMIT 1   [ RunTime:0.0005s ]
SQL: INSERT INTO `bus_city` (`city_name`,`city_pinyin`,`province_id`) VALUES ('赤壁','chibi','13') [ RunTime:0.0320s ]
SQL: INSERT INTO `bus_city` (`city_name`,`city_pinyin`,`province_id`) VALUES ('鄂州','ezhou','13') [ RunTime:0.0332s ]
SQL: INSERT INTO `bus_city` (`city_name`,`city_pinyin`,`province_id`) VALUES ('恩施','enshi','13') [ RunTime:0.0314s ]
SQL: INSERT INTO `bus_city` (`city_name`,`city_pinyin`,`province_id`) VALUES ('黄冈','huanggang','13') [ RunTime:0.0329s ]
SQL: INSERT INTO `bus_city` (`city_name`,`city_pinyin`,`province_id`) VALUES ('黄石','huangshi','13') [ RunTime:0.0328s ]
SQL: INSERT INTO `bus_city` (`city_name`,`city_pinyin`,`province_id`) VALUES ('荆门','jingmen','13') [ RunTime:0.0329s ]
SQL: INSERT INTO `bus_city` (`city_name`,`city_pinyin`,`province_id`) VALUES ('荆州','jingzhou','13') [ RunTime:0.0329s ]
SQL: INSERT INTO `bus_city` (`city_name`,`city_pinyin`,`province_id`) VALUES ('潜江','qianjiang','13') [ RunTime:0.0331s ]
SQL: INSERT INTO `bus_city` (`city_name`,`city_pinyin`,`province_id`) VALUES ('十堰','shiyan','13') [ RunTime:0.0321s ]
SQL: INSERT INTO `bus_city` (`city_name`,`city_pinyin`,`province_id`) VALUES ('随州','suizhou','13') [ RunTime:0.0328s ]
SQL: INSERT INTO `bus_city` (`city_name`,`city_pinyin`,`province_id`) VALUES ('天门','tianmen','13') [ RunTime:0.0329s ]
SQL: INSERT INTO `bus_city` (`city_name`,`city_pinyin`,`province_id`) VALUES ('武汉','wuhan','13') [ RunTime:0.0329s ]
SQL: INSERT INTO `bus_city` (`city_name`,`city_pinyin`,`province_id`) VALUES ('仙桃','xiantao','13') [ RunTime:0.0770s ]
SQL: INSERT INTO `bus_city` (`city_name`,`city_pinyin`,`province_id`) VALUES ('咸宁','xianning','13') [ RunTime:0.0439s ]
SQL: INSERT INTO `bus_city` (`city_name`,`city_pinyin`,`province_id`) VALUES ('襄阳','xiangyang','13') [ RunTime:0.0327s ]
SQL: INSERT INTO `bus_city` (`city_name`,`city_pinyin`,`province_id`) VALUES ('孝感','xiaogan','13') [ RunTime:0.0330s ]
SQL: INSERT INTO `bus_city` (`city_name`,`city_pinyin`,`province_id`) VALUES ('宜昌','yichang','13') [ RunTime:0.0329s ]
SQL: SELECT * FROM `bus_province` WHERE ( province_name = '湖南' ) LIMIT 1   [ RunTime:0.0004s ]
SQL: INSERT INTO `bus_city` (`city_name`,`city_pinyin`,`province_id`) VALUES ('长沙','changsha','14') [ RunTime:0.0322s ]
SQL: INSERT INTO `bus_city` (`city_name`,`city_pinyin`,`province_id`) VALUES ('常德','changde','14') [ RunTime:0.0329s ]
SQL: INSERT INTO `bus_city` (`city_name`,`city_pinyin`,`province_id`) VALUES ('郴州','chenzhou','14') [ RunTime:0.0325s ]
SQL: INSERT INTO `bus_city` (`city_name`,`city_pinyin`,`province_id`) VALUES ('衡阳','hengyang','14') [ RunTime:0.0328s ]
SQL: INSERT INTO `bus_city` (`city_name`,`city_pinyin`,`province_id`) VALUES ('怀化','huaihua','14') [ RunTime:0.0333s ]
SQL: INSERT INTO `bus_city` (`city_name`,`city_pinyin`,`province_id`) VALUES ('吉首','jishou','14') [ RunTime:0.0321s ]
SQL: INSERT INTO `bus_city` (`city_name`,`city_pinyin`,`province_id`) VALUES ('醴陵','liling','14') [ RunTime:0.0283s ]
SQL: INSERT INTO `bus_city` (`city_name`,`city_pinyin`,`province_id`) VALUES ('娄底','loudi','14') [ RunTime:0.0330s ]
SQL: INSERT INTO `bus_city` (`city_name`,`city_pinyin`,`province_id`) VALUES ('宁乡','ningxiang','14') [ RunTime:0.0331s ]
SQL: INSERT INTO `bus_city` (`city_name`,`city_pinyin`,`province_id`) VALUES ('邵阳','shaoyang','14') [ RunTime:0.0324s ]
SQL: INSERT INTO `bus_city` (`city_name`,`city_pinyin`,`province_id`) VALUES ('湘潭','xiangtan','14') [ RunTime:0.0324s ]
SQL: INSERT INTO `bus_city` (`city_name`,`city_pinyin`,`province_id`) VALUES ('湘西','xiangxi','14') [ RunTime:0.0328s ]
SQL: INSERT INTO `bus_city` (`city_name`,`city_pinyin`,`province_id`) VALUES ('湘乡','xiangxiang','14') [ RunTime:0.0326s ]
SQL: INSERT INTO `bus_city` (`city_name`,`city_pinyin`,`province_id`) VALUES ('益阳','yiyang','14') [ RunTime:0.0329s ]
SQL: INSERT INTO `bus_city` (`city_name`,`city_pinyin`,`province_id`) VALUES ('永州','yongzhou','14') [ RunTime:0.0328s ]
SQL: INSERT INTO `bus_city` (`city_name`,`city_pinyin`,`province_id`) VALUES ('岳阳','yueyang','14') [ RunTime:0.0330s ]
SQL: INSERT INTO `bus_city` (`city_name`,`city_pinyin`,`province_id`) VALUES ('张家界','zhangjiajie','14') [ RunTime:0.0327s ]
SQL: INSERT INTO `bus_city` (`city_name`,`city_pinyin`,`province_id`) VALUES ('株洲','zhuzhou','14') [ RunTime:0.0330s ]
SQL: SELECT * FROM `bus_province` WHERE ( province_name = '吉林' ) LIMIT 1   [ RunTime:0.0006s ]
SQL: INSERT INTO `bus_city` (`city_name`,`city_pinyin`,`province_id`) VALUES ('白城','baicheng','15') [ RunTime:0.0317s ]
SQL: INSERT INTO `bus_city` (`city_name`,`city_pinyin`,`province_id`) VALUES ('白山','baishan','15') [ RunTime:0.0332s ]
SQL: INSERT INTO `bus_city` (`city_name`,`city_pinyin`,`province_id`) VALUES ('长春','changchun','15') [ RunTime:0.0320s ]
SQL: INSERT INTO `bus_city` (`city_name`,`city_pinyin`,`province_id`) VALUES ('敦化','dunhua','15') [ RunTime:0.0327s ]
SQL: INSERT INTO `bus_city` (`city_name`,`city_pinyin`,`province_id`) VALUES ('吉林','jl','15') [ RunTime:0.0326s ]
SQL: INSERT INTO `bus_city` (`city_name`,`city_pinyin`,`province_id`) VALUES ('辽源','liaoyuan','15') [ RunTime:0.0329s ]
SQL: INSERT INTO `bus_city` (`city_name`,`city_pinyin`,`province_id`) VALUES ('梅河口','meihekou','15') [ RunTime:0.0325s ]
SQL: INSERT INTO `bus_city` (`city_name`,`city_pinyin`,`province_id`) VALUES ('四平','siping','15') [ RunTime:0.0323s ]
SQL: INSERT INTO `bus_city` (`city_name`,`city_pinyin`,`province_id`) VALUES ('松原','songyuan','15') [ RunTime:0.0327s ]
SQL: INSERT INTO `bus_city` (`city_name`,`city_pinyin`,`province_id`) VALUES ('通化','tonghua','15') [ RunTime:0.0324s ]
SQL: INSERT INTO `bus_city` (`city_name`,`city_pinyin`,`province_id`) VALUES ('延边','yanbian','15') [ RunTime:0.0329s ]
SQL: INSERT INTO `bus_city` (`city_name`,`city_pinyin`,`province_id`) VALUES ('延吉','yanji','15') [ RunTime:0.0324s ]
SQL: SELECT * FROM `bus_province` WHERE ( province_name = '江苏' ) LIMIT 1   [ RunTime:0.0004s ]
SQL: INSERT INTO `bus_city` (`city_name`,`city_pinyin`,`province_id`) VALUES ('常熟','changshu','16') [ RunTime:0.0322s ]
SQL: INSERT INTO `bus_city` (`city_name`,`city_pinyin`,`province_id`) VALUES ('常州','changzhou','16') [ RunTime:0.0330s ]
SQL: INSERT INTO `bus_city` (`city_name`,`city_pinyin`,`province_id`) VALUES ('丹阳','danyang','16') [ RunTime:0.0327s ]
SQL: INSERT INTO `bus_city` (`city_name`,`city_pinyin`,`province_id`) VALUES ('东台','dongtai','16') [ RunTime:0.0330s ]
SQL: INSERT INTO `bus_city` (`city_name`,`city_pinyin`,`province_id`) VALUES ('赣榆','ganyu','16') [ RunTime:0.0330s ]
SQL: INSERT INTO `bus_city` (`city_name`,`city_pinyin`,`province_id`) VALUES ('高邮','gaoyou','16') [ RunTime:0.0322s ]
SQL: INSERT INTO `bus_city` (`city_name`,`city_pinyin`,`province_id`) VALUES ('海门','haimen','16') [ RunTime:0.0325s ]
SQL: INSERT INTO `bus_city` (`city_name`,`city_pinyin`,`province_id`) VALUES ('淮安','huaian','16') [ RunTime:0.0327s ]
SQL: INSERT INTO `bus_city` (`city_name`,`city_pinyin`,`province_id`) VALUES ('江阴','jiangyin','16') [ RunTime:0.0327s ]
SQL: INSERT INTO `bus_city` (`city_name`,`city_pinyin`,`province_id`) VALUES ('姜堰','jiangyan','16') [ RunTime:0.0329s ]
SQL: INSERT INTO `bus_city` (`city_name`,`city_pinyin`,`province_id`) VALUES ('金坛','jintan','16') [ RunTime:0.0329s ]
SQL: INSERT INTO `bus_city` (`city_name`,`city_pinyin`,`province_id`) VALUES ('靖江','jingjiang','16') [ RunTime:0.0324s ]
SQL: INSERT INTO `bus_city` (`city_name`,`city_pinyin`,`province_id`) VALUES ('句容','jurong','16') [ RunTime:0.0321s ]
SQL: INSERT INTO `bus_city` (`city_name`,`city_pinyin`,`province_id`) VALUES ('昆山','kunshan','16') [ RunTime:0.0329s ]
SQL: INSERT INTO `bus_city` (`city_name`,`city_pinyin`,`province_id`) VALUES ('溧阳','liyang','16') [ RunTime:0.0327s ]
SQL: INSERT INTO `bus_city` (`city_name`,`city_pinyin`,`province_id`) VALUES ('连云港','lianyungang','16') [ RunTime:0.0326s ]
SQL: INSERT INTO `bus_city` (`city_name`,`city_pinyin`,`province_id`) VALUES ('南京','nanjing','16') [ RunTime:0.0332s ]
SQL: INSERT INTO `bus_city` (`city_name`,`city_pinyin`,`province_id`) VALUES ('南通','nantong','16') [ RunTime:0.0322s ]
SQL: INSERT INTO `bus_city` (`city_name`,`city_pinyin`,`province_id`) VALUES ('邳州','pizhou','16') [ RunTime:0.0329s ]
SQL: INSERT INTO `bus_city` (`city_name`,`city_pinyin`,`province_id`) VALUES ('启东','qidong','16') [ RunTime:0.0327s ]
SQL: INSERT INTO `bus_city` (`city_name`,`city_pinyin`,`province_id`) VALUES ('如皋','rugao','16') [ RunTime:0.0330s ]
SQL: INSERT INTO `bus_city` (`city_name`,`city_pinyin`,`province_id`) VALUES ('沭阳','shuyang','16') [ RunTime:0.0330s ]
SQL: INSERT INTO `bus_city` (`city_name`,`city_pinyin`,`province_id`) VALUES ('泗阳','siyang','16') [ RunTime:0.0320s ]
SQL: INSERT INTO `bus_city` (`city_name`,`city_pinyin`,`province_id`) VALUES ('苏州','suzhou','16') [ RunTime:0.0328s ]
SQL: INSERT INTO `bus_city` (`city_name`,`city_pinyin`,`province_id`) VALUES ('宿迁','suqian','16') [ RunTime:0.0330s ]
SQL: INSERT INTO `bus_city` (`city_name`,`city_pinyin`,`province_id`) VALUES ('宿豫','suyu','16') [ RunTime:0.0593s ]
SQL: INSERT INTO `bus_city` (`city_name`,`city_pinyin`,`province_id`) VALUES ('太仓','taicang','16') [ RunTime:0.0613s ]
SQL: INSERT INTO `bus_city` (`city_name`,`city_pinyin`,`province_id`) VALUES ('泰兴','taixing','16') [ RunTime:0.0328s ]
SQL: INSERT INTO `bus_city` (`city_name`,`city_pinyin`,`province_id`) VALUES ('泰州','taizhou','16') [ RunTime:0.0328s ]
SQL: INSERT INTO `bus_city` (`city_name`,`city_pinyin`,`province_id`) VALUES ('通州','tongzhou','16') [ RunTime:0.0688s ]
SQL: INSERT INTO `bus_city` (`city_name`,`city_pinyin`,`province_id`) VALUES ('无锡','wuxi','16') [ RunTime:0.0520s ]
SQL: INSERT INTO `bus_city` (`city_name`,`city_pinyin`,`province_id`) VALUES ('吴江','wujiang','16') [ RunTime:0.0328s ]
SQL: INSERT INTO `bus_city` (`city_name`,`city_pinyin`,`province_id`) VALUES ('新沂','xinyi','16') [ RunTime:0.0330s ]
SQL: INSERT INTO `bus_city` (`city_name`,`city_pinyin`,`province_id`) VALUES ('兴化','xinghua','16') [ RunTime:0.0332s ]
SQL: INSERT INTO `bus_city` (`city_name`,`city_pinyin`,`province_id`) VALUES ('徐州','xuzhou','16') [ RunTime:0.0321s ]
SQL: INSERT INTO `bus_city` (`city_name`,`city_pinyin`,`province_id`) VALUES ('盐城','yancheng','16') [ RunTime:0.0320s ]
SQL: INSERT INTO `bus_city` (`city_name`,`city_pinyin`,`province_id`) VALUES ('扬中','yangzhong','16') [ RunTime:0.0326s ]
SQL: INSERT INTO `bus_city` (`city_name`,`city_pinyin`,`province_id`) VALUES ('扬州','yangzhou','16') [ RunTime:0.0329s ]
SQL: INSERT INTO `bus_city` (`city_name`,`city_pinyin`,`province_id`) VALUES ('仪征','yizheng','16') [ RunTime:0.0329s ]
SQL: INSERT INTO `bus_city` (`city_name`,`city_pinyin`,`province_id`) VALUES ('宜兴','yixing','16') [ RunTime:0.0329s ]
SQL: INSERT INTO `bus_city` (`city_name`,`city_pinyin`,`province_id`) VALUES ('张家港','zhangjiagang','16') [ RunTime:0.0329s ]
SQL: INSERT INTO `bus_city` (`city_name`,`city_pinyin`,`province_id`) VALUES ('镇江','zhenjiang','16') [ RunTime:0.0329s ]
SQL: SELECT * FROM `bus_province` WHERE ( province_name = '江西' ) LIMIT 1   [ RunTime:0.0003s ]
SQL: INSERT INTO `bus_city` (`city_name`,`city_pinyin`,`province_id`) VALUES ('抚州','fuzhou2','17') [ RunTime:0.0322s ]
SQL: INSERT INTO `bus_city` (`city_name`,`city_pinyin`,`province_id`) VALUES ('赣州','ganzhou','17') [ RunTime:0.0332s ]
SQL: INSERT INTO `bus_city` (`city_name`,`city_pinyin`,`province_id`) VALUES ('吉安','jian','17') [ RunTime:0.0323s ]
SQL: INSERT INTO `bus_city` (`city_name`,`city_pinyin`,`province_id`) VALUES ('景德镇','jingdezhen','17') [ RunTime:0.0322s ]
SQL: INSERT INTO `bus_city` (`city_name`,`city_pinyin`,`province_id`) VALUES ('九江','jiujiang','17') [ RunTime:0.0319s ]
SQL: INSERT INTO `bus_city` (`city_name`,`city_pinyin`,`province_id`) VALUES ('南昌','nanchang','17') [ RunTime:0.0329s ]
SQL: INSERT INTO `bus_city` (`city_name`,`city_pinyin`,`province_id`) VALUES ('萍乡','pingxiang','17') [ RunTime:0.0329s ]
SQL: INSERT INTO `bus_city` (`city_name`,`city_pinyin`,`province_id`) VALUES ('上饶','shangrao','17') [ RunTime:0.0327s ]
SQL: INSERT INTO `bus_city` (`city_name`,`city_pinyin`,`province_id`) VALUES ('新余','xinyu','17') [ RunTime:0.0331s ]
SQL: INSERT INTO `bus_city` (`city_name`,`city_pinyin`,`province_id`) VALUES ('宜春','yichun','17') [ RunTime:0.0320s ]
SQL: INSERT INTO `bus_city` (`city_name`,`city_pinyin`,`province_id`) VALUES ('鹰潭','yingtan','17') [ RunTime:0.0328s ]
SQL: SELECT * FROM `bus_province` WHERE ( province_name = '辽宁' ) LIMIT 1   [ RunTime:0.0003s ]
SQL: INSERT INTO `bus_city` (`city_name`,`city_pinyin`,`province_id`) VALUES ('鞍山','anshan','18') [ RunTime:0.0323s ]
SQL: INSERT INTO `bus_city` (`city_name`,`city_pinyin`,`province_id`) VALUES ('本溪','benxi','18') [ RunTime:0.0329s ]
SQL: INSERT INTO `bus_city` (`city_name`,`city_pinyin`,`province_id`) VALUES ('长海','changhai','18') [ RunTime:0.0330s ]
SQL: INSERT INTO `bus_city` (`city_name`,`city_pinyin`,`province_id`) VALUES ('朝阳','chaoyang','18') [ RunTime:0.0326s ]
SQL: INSERT INTO `bus_city` (`city_name`,`city_pinyin`,`province_id`) VALUES ('大连','dalian','18') [ RunTime:0.0329s ]
SQL: INSERT INTO `bus_city` (`city_name`,`city_pinyin`,`province_id`) VALUES ('丹东','dandong','18') [ RunTime:0.0328s ]
SQL: INSERT INTO `bus_city` (`city_name`,`city_pinyin`,`province_id`) VALUES ('抚顺','fushun','18') [ RunTime:0.0331s ]
SQL: INSERT INTO `bus_city` (`city_name`,`city_pinyin`,`province_id`) VALUES ('阜新','fuxin','18') [ RunTime:0.0321s ]
SQL: INSERT INTO `bus_city` (`city_name`,`city_pinyin`,`province_id`) VALUES ('海城','haicheng','18') [ RunTime:0.0329s ]
SQL: INSERT INTO `bus_city` (`city_name`,`city_pinyin`,`province_id`) VALUES ('葫芦岛','huludao','18') [ RunTime:0.0327s ]
SQL: INSERT INTO `bus_city` (`city_name`,`city_pinyin`,`province_id`) VALUES ('锦州','jinzhou','18') [ RunTime:0.0329s ]
SQL: INSERT INTO `bus_city` (`city_name`,`city_pinyin`,`province_id`) VALUES ('辽阳','liaoyang','18') [ RunTime:0.0328s ]
SQL: INSERT INTO `bus_city` (`city_name`,`city_pinyin`,`province_id`) VALUES ('旅顺','lvshun','18') [ RunTime:0.0328s ]
SQL: INSERT INTO `bus_city` (`city_name`,`city_pinyin`,`province_id`) VALUES ('盘锦','panjin','18') [ RunTime:0.0331s ]
SQL: INSERT INTO `bus_city` (`city_name`,`city_pinyin`,`province_id`) VALUES ('普兰店','pulandian','18') [ RunTime:0.0320s ]
SQL: INSERT INTO `bus_city` (`city_name`,`city_pinyin`,`province_id`) VALUES ('沈阳','shenyang','18') [ RunTime:0.0328s ]
SQL: INSERT INTO `bus_city` (`city_name`,`city_pinyin`,`province_id`) VALUES ('铁岭','tieling','18') [ RunTime:0.0330s ]
SQL: INSERT INTO `bus_city` (`city_name`,`city_pinyin`,`province_id`) VALUES ('瓦房店','wafangdian','18') [ RunTime:0.0327s ]
SQL: INSERT INTO `bus_city` (`city_name`,`city_pinyin`,`province_id`) VALUES ('营口','yingkou','18') [ RunTime:0.0330s ]
SQL: INSERT INTO `bus_city` (`city_name`,`city_pinyin`,`province_id`) VALUES ('庄河','zhuanghe','18') [ RunTime:0.0329s ]
SQL: SELECT * FROM `bus_province` WHERE ( province_name = '内蒙古' ) LIMIT 1   [ RunTime:0.0004s ]
SQL: INSERT INTO `bus_city` (`city_name`,`city_pinyin`,`province_id`) VALUES ('巴彦淖尔','bayannaoer','19') [ RunTime:0.0321s ]
SQL: INSERT INTO `bus_city` (`city_name`,`city_pinyin`,`province_id`) VALUES ('包头','baotou','19') [ RunTime:0.0330s ]
SQL: INSERT INTO `bus_city` (`city_name`,`city_pinyin`,`province_id`) VALUES ('赤峰','chifeng','19') [ RunTime:0.0326s ]
SQL: INSERT INTO `bus_city` (`city_name`,`city_pinyin`,`province_id`) VALUES ('鄂尔多斯','eerduosi','19') [ RunTime:0.0329s ]
SQL: INSERT INTO `bus_city` (`city_name`,`city_pinyin`,`province_id`) VALUES ('呼和浩特','huhehaote','19') [ RunTime:0.0327s ]
SQL: INSERT INTO `bus_city` (`city_name`,`city_pinyin`,`province_id`) VALUES ('呼伦贝尔','hulunbeier','19') [ RunTime:0.0324s ]
SQL: INSERT INTO `bus_city` (`city_name`,`city_pinyin`,`province_id`) VALUES ('集宁','jining2','19') [ RunTime:0.0329s ]
SQL: INSERT INTO `bus_city` (`city_name`,`city_pinyin`,`province_id`) VALUES ('通辽','tongliao','19') [ RunTime:0.0326s ]
SQL: INSERT INTO `bus_city` (`city_name`,`city_pinyin`,`province_id`) VALUES ('乌海','wuhai','19') [ RunTime:0.0332s ]
SQL: INSERT INTO `bus_city` (`city_name`,`city_pinyin`,`province_id`) VALUES ('乌兰察布','wulanchabu','19') [ RunTime:0.0321s ]
SQL: INSERT INTO `bus_city` (`city_name`,`city_pinyin`,`province_id`) VALUES ('乌兰浩特','wulanhaote','19') [ RunTime:0.0323s ]
SQL: INSERT INTO `bus_city` (`city_name`,`city_pinyin`,`province_id`) VALUES ('牙克石','yakeshi','19') [ RunTime:0.0330s ]
SQL: SELECT * FROM `bus_province` WHERE ( province_name = '宁夏' ) LIMIT 1   [ RunTime:0.0004s ]
SQL: INSERT INTO `bus_city` (`city_name`,`city_pinyin`,`province_id`) VALUES ('固原','guyuan','20') [ RunTime:0.0654s ]
SQL: INSERT INTO `bus_city` (`city_name`,`city_pinyin`,`province_id`) VALUES ('吴忠','wuzhong','20') [ RunTime:0.0662s ]
SQL: INSERT INTO `bus_city` (`city_name`,`city_pinyin`,`province_id`) VALUES ('银川','yinchuan','20') [ RunTime:0.2533s ]
SQL: SELECT * FROM `bus_province` WHERE ( province_name = '青海' ) LIMIT 1   [ RunTime:0.0004s ]
SQL: INSERT INTO `bus_city` (`city_name`,`city_pinyin`,`province_id`) VALUES ('格尔木','geermu','21') [ RunTime:0.0866s ]
SQL: INSERT INTO `bus_city` (`city_name`,`city_pinyin`,`province_id`) VALUES ('西宁','xining','21') [ RunTime:0.1012s ]
SQL: SELECT * FROM `bus_province` WHERE ( province_name = '山东' ) LIMIT 1   [ RunTime:0.0004s ]
SQL: INSERT INTO `bus_city` (`city_name`,`city_pinyin`,`province_id`) VALUES ('滨州','binzhou','22') [ RunTime:0.0432s ]
SQL: INSERT INTO `bus_city` (`city_name`,`city_pinyin`,`province_id`) VALUES ('德州','dezhou','22') [ RunTime:0.0319s ]
SQL: INSERT INTO `bus_city` (`city_name`,`city_pinyin`,`province_id`) VALUES ('东营','dongying','22') [ RunTime:0.0328s ]
SQL: INSERT INTO `bus_city` (`city_name`,`city_pinyin`,`province_id`) VALUES ('肥城','feicheng','22') [ RunTime:0.0340s ]
SQL: INSERT INTO `bus_city` (`city_name`,`city_pinyin`,`province_id`) VALUES ('菏泽','heze','22') [ RunTime:0.0318s ]
SQL: INSERT INTO `bus_city` (`city_name`,`city_pinyin`,`province_id`) VALUES ('即墨','jimo','22') [ RunTime:0.0317s ]
SQL: INSERT INTO `bus_city` (`city_name`,`city_pinyin`,`province_id`) VALUES ('济南','jinan','22') [ RunTime:0.0334s ]
SQL: INSERT INTO `bus_city` (`city_name`,`city_pinyin`,`province_id`) VALUES ('济宁','jining','22') [ RunTime:0.0322s ]
SQL: INSERT INTO `bus_city` (`city_name`,`city_pinyin`,`province_id`) VALUES ('胶州','jiaozhou','22') [ RunTime:0.0319s ]
SQL: INSERT INTO `bus_city` (`city_name`,`city_pinyin`,`province_id`) VALUES ('莱芜','laiwu','22') [ RunTime:0.0329s ]
SQL: INSERT INTO `bus_city` (`city_name`,`city_pinyin`,`province_id`) VALUES ('莱西','laixi','22') [ RunTime:0.0333s ]
SQL: INSERT INTO `bus_city` (`city_name`,`city_pinyin`,`province_id`) VALUES ('莱州','laizhou','22') [ RunTime:0.0319s ]
SQL: INSERT INTO `bus_city` (`city_name`,`city_pinyin`,`province_id`) VALUES ('聊城','liaocheng','22') [ RunTime:0.0661s ]
SQL: INSERT INTO `bus_city` (`city_name`,`city_pinyin`,`province_id`) VALUES ('临沂','linyi','22') [ RunTime:0.0772s ]
SQL: INSERT INTO `bus_city` (`city_name`,`city_pinyin`,`province_id`) VALUES ('蓬莱','penglai','22') [ RunTime:0.0771s ]
SQL: INSERT INTO `bus_city` (`city_name`,`city_pinyin`,`province_id`) VALUES ('平度','pingdu','22') [ RunTime:0.0887s ]
SQL: INSERT INTO `bus_city` (`city_name`,`city_pinyin`,`province_id`) VALUES ('青岛','qingdao','22') [ RunTime:0.0759s ]
SQL: INSERT INTO `bus_city` (`city_name`,`city_pinyin`,`province_id`) VALUES ('青州','qingzhou','22') [ RunTime:0.0663s ]
SQL: INSERT INTO `bus_city` (`city_name`,`city_pinyin`,`province_id`) VALUES ('日照','rizhao','22') [ RunTime:0.1298s ]
SQL: INSERT INTO `bus_city` (`city_name`,`city_pinyin`,`province_id`) VALUES ('荣成','rongcheng','22') [ RunTime:0.0686s ]
SQL: INSERT INTO `bus_city` (`city_name`,`city_pinyin`,`province_id`) VALUES ('乳山','rushan','22') [ RunTime:0.0663s ]
SQL: INSERT INTO `bus_city` (`city_name`,`city_pinyin`,`province_id`) VALUES ('寿光','shouguang','22') [ RunTime:0.0874s ]
SQL: INSERT INTO `bus_city` (`city_name`,`city_pinyin`,`province_id`) VALUES ('泰安','taian','22') [ RunTime:0.0331s ]
SQL: INSERT INTO `bus_city` (`city_name`,`city_pinyin`,`province_id`) VALUES ('滕州','tengzhou','22') [ RunTime:0.0320s ]
SQL: INSERT INTO `bus_city` (`city_name`,`city_pinyin`,`province_id`) VALUES ('威海','weihai','22') [ RunTime:0.0325s ]
SQL: INSERT INTO `bus_city` (`city_name`,`city_pinyin`,`province_id`) VALUES ('潍坊','weifang','22') [ RunTime:0.0321s ]
SQL: INSERT INTO `bus_city` (`city_name`,`city_pinyin`,`province_id`) VALUES ('文登','wendeng','22') [ RunTime:0.0329s ]
SQL: INSERT INTO `bus_city` (`city_name`,`city_pinyin`,`province_id`) VALUES ('烟台','yantai','22') [ RunTime:0.0328s ]
SQL: INSERT INTO `bus_city` (`city_name`,`city_pinyin`,`province_id`) VALUES ('兖州','yanzhou','22') [ RunTime:0.0332s ]
SQL: INSERT INTO `bus_city` (`city_name`,`city_pinyin`,`province_id`) VALUES ('枣庄','zaozhuang','22') [ RunTime:0.0325s ]
SQL: INSERT INTO `bus_city` (`city_name`,`city_pinyin`,`province_id`) VALUES ('章丘','zhangqiu','22') [ RunTime:0.0319s ]
SQL: INSERT INTO `bus_city` (`city_name`,`city_pinyin`,`province_id`) VALUES ('诸城','zhucheng','22') [ RunTime:0.0328s ]
SQL: INSERT INTO `bus_city` (`city_name`,`city_pinyin`,`province_id`) VALUES ('淄博','zibo','22') [ RunTime:0.0329s ]
SQL: SELECT * FROM `bus_province` WHERE ( province_name = '山西' ) LIMIT 1   [ RunTime:0.0004s ]
SQL: INSERT INTO `bus_city` (`city_name`,`city_pinyin`,`province_id`) VALUES ('长治','changzhi','23') [ RunTime:0.0323s ]
SQL: INSERT INTO `bus_city` (`city_name`,`city_pinyin`,`province_id`) VALUES ('大同','datong','23') [ RunTime:0.0329s ]
SQL: INSERT INTO `bus_city` (`city_name`,`city_pinyin`,`province_id`) VALUES ('介休','jiexiu','23') [ RunTime:0.0329s ]
SQL: INSERT INTO `bus_city` (`city_name`,`city_pinyin`,`province_id`) VALUES ('晋城','jincheng','23') [ RunTime:0.0328s ]
SQL: INSERT INTO `bus_city` (`city_name`,`city_pinyin`,`province_id`) VALUES ('晋中','jinzhong','23') [ RunTime:0.0331s ]
SQL: INSERT INTO `bus_city` (`city_name`,`city_pinyin`,`province_id`) VALUES ('临汾','linfen','23') [ RunTime:0.0321s ]
SQL: INSERT INTO `bus_city` (`city_name`,`city_pinyin`,`province_id`) VALUES ('吕梁','lvliang','23') [ RunTime:0.0331s ]
SQL: INSERT INTO `bus_city` (`city_name`,`city_pinyin`,`province_id`) VALUES ('祁县','qixian','23') [ RunTime:0.0323s ]
SQL: INSERT INTO `bus_city` (`city_name`,`city_pinyin`,`province_id`) VALUES ('朔州','shuozhou','23') [ RunTime:0.0326s ]
SQL: INSERT INTO `bus_city` (`city_name`,`city_pinyin`,`province_id`) VALUES ('太原','taiyuan','23') [ RunTime:0.0329s ]
SQL: INSERT INTO `bus_city` (`city_name`,`city_pinyin`,`province_id`) VALUES ('忻州','xinzhou','23') [ RunTime:0.0330s ]
SQL: INSERT INTO `bus_city` (`city_name`,`city_pinyin`,`province_id`) VALUES ('阳泉','yangquan','23') [ RunTime:0.0328s ]
SQL: INSERT INTO `bus_city` (`city_name`,`city_pinyin`,`province_id`) VALUES ('运城','yuncheng','23') [ RunTime:0.0329s ]
SQL: SELECT * FROM `bus_province` WHERE ( province_name = '陕西' ) LIMIT 1   [ RunTime:0.0003s ]
SQL: INSERT INTO `bus_city` (`city_name`,`city_pinyin`,`province_id`) VALUES ('安康','ankang','24') [ RunTime:0.0320s ]
SQL: INSERT INTO `bus_city` (`city_name`,`city_pinyin`,`province_id`) VALUES ('宝鸡','baoji','24') [ RunTime:0.0328s ]
SQL: INSERT INTO `bus_city` (`city_name`,`city_pinyin`,`province_id`) VALUES ('城固','chenggu','24') [ RunTime:0.0329s ]
SQL: INSERT INTO `bus_city` (`city_name`,`city_pinyin`,`province_id`) VALUES ('汉中','hanzhong','24') [ RunTime:0.0332s ]
SQL: INSERT INTO `bus_city` (`city_name`,`city_pinyin`,`province_id`) VALUES ('勉县','mianxian','24') [ RunTime:0.0323s ]
SQL: INSERT INTO `bus_city` (`city_name`,`city_pinyin`,`province_id`) VALUES ('商洛','shangluo','24') [ RunTime:0.0328s ]
SQL: INSERT INTO `bus_city` (`city_name`,`city_pinyin`,`province_id`) VALUES ('铜川','tongchuan','24') [ RunTime:0.0328s ]
SQL: INSERT INTO `bus_city` (`city_name`,`city_pinyin`,`province_id`) VALUES ('渭南','weinan','24') [ RunTime:0.0329s ]
SQL: INSERT INTO `bus_city` (`city_name`,`city_pinyin`,`province_id`) VALUES ('西安','xian','24') [ RunTime:0.0332s ]
SQL: INSERT INTO `bus_city` (`city_name`,`city_pinyin`,`province_id`) VALUES ('咸阳','xianyang','24') [ RunTime:0.0323s ]
SQL: INSERT INTO `bus_city` (`city_name`,`city_pinyin`,`province_id`) VALUES ('延安','yanan','24') [ RunTime:0.0317s ]
SQL: INSERT INTO `bus_city` (`city_name`,`city_pinyin`,`province_id`) VALUES ('榆林','yulin','24') [ RunTime:0.0328s ]
SQL: SELECT * FROM `bus_province` WHERE ( province_name = '上海' ) LIMIT 1   [ RunTime:0.0002s ]
SQL: INSERT INTO `bus_city` (`city_name`,`city_pinyin`,`province_id`) VALUES ('上海','shanghai','25') [ RunTime:0.0685s ]
SQL: SELECT * FROM `bus_province` WHERE ( province_name = '四川' ) LIMIT 1   [ RunTime:0.0006s ]
SQL: INSERT INTO `bus_city` (`city_name`,`city_pinyin`,`province_id`) VALUES ('巴中','bazhong','26') [ RunTime:0.0506s ]
SQL: INSERT INTO `bus_city` (`city_name`,`city_pinyin`,`province_id`) VALUES ('成都','chengdu','26') [ RunTime:0.0323s ]
SQL: INSERT INTO `bus_city` (`city_name`,`city_pinyin`,`province_id`) VALUES ('达州','dazhou','26') [ RunTime:0.0328s ]
SQL: INSERT INTO `bus_city` (`city_name`,`city_pinyin`,`province_id`) VALUES ('德阳','deyang','26') [ RunTime:0.0330s ]
SQL: INSERT INTO `bus_city` (`city_name`,`city_pinyin`,`province_id`) VALUES ('都江堰','dujiangyan','26') [ RunTime:0.0327s ]
SQL: INSERT INTO `bus_city` (`city_name`,`city_pinyin`,`province_id`) VALUES ('广安','guangan','26') [ RunTime:0.0323s ]
SQL: INSERT INTO `bus_city` (`city_name`,`city_pinyin`,`province_id`) VALUES ('广元','guangyuan','26') [ RunTime:0.0323s ]
SQL: INSERT INTO `bus_city` (`city_name`,`city_pinyin`,`province_id`) VALUES ('乐山','leshan','26') [ RunTime:0.0325s ]
SQL: INSERT INTO `bus_city` (`city_name`,`city_pinyin`,`province_id`) VALUES ('泸州','luzhou','26') [ RunTime:0.0328s ]
SQL: INSERT INTO `bus_city` (`city_name`,`city_pinyin`,`province_id`) VALUES ('眉山','meishan','26') [ RunTime:0.0328s ]
SQL: INSERT INTO `bus_city` (`city_name`,`city_pinyin`,`province_id`) VALUES ('绵阳','mianyang','26') [ RunTime:0.0328s ]
SQL: INSERT INTO `bus_city` (`city_name`,`city_pinyin`,`province_id`) VALUES ('内江','neijiang','26') [ RunTime:0.0327s ]
SQL: INSERT INTO `bus_city` (`city_name`,`city_pinyin`,`province_id`) VALUES ('南充','nanchong','26') [ RunTime:0.0328s ]
SQL: INSERT INTO `bus_city` (`city_name`,`city_pinyin`,`province_id`) VALUES ('攀枝花','panzhihua','26') [ RunTime:0.0328s ]
SQL: INSERT INTO `bus_city` (`city_name`,`city_pinyin`,`province_id`) VALUES ('遂宁','suining','26') [ RunTime:0.0327s ]
SQL: INSERT INTO `bus_city` (`city_name`,`city_pinyin`,`province_id`) VALUES ('西昌','xichang','26') [ RunTime:0.0330s ]
SQL: INSERT INTO `bus_city` (`city_name`,`city_pinyin`,`province_id`) VALUES ('雅安','yaan','26') [ RunTime:0.0322s ]
SQL: INSERT INTO `bus_city` (`city_name`,`city_pinyin`,`province_id`) VALUES ('宜宾','yibin','26') [ RunTime:0.0328s ]
SQL: INSERT INTO `bus_city` (`city_name`,`city_pinyin`,`province_id`) VALUES ('资阳','ziyang','26') [ RunTime:0.0327s ]
SQL: INSERT INTO `bus_city` (`city_name`,`city_pinyin`,`province_id`) VALUES ('自贡','zigong','26') [ RunTime:0.0326s ]
SQL: SELECT * FROM `bus_province` WHERE ( province_name = '台湾' ) LIMIT 1   [ RunTime:0.0004s ]
SQL: INSERT INTO `bus_city` (`city_name`,`city_pinyin`,`province_id`) VALUES ('高雄','gaoxiong','27') [ RunTime:0.0327s ]
SQL: INSERT INTO `bus_city` (`city_name`,`city_pinyin`,`province_id`) VALUES ('台北','taibei','27') [ RunTime:0.0318s ]
SQL: SELECT * FROM `bus_province` WHERE ( province_name = '天津' ) LIMIT 1   [ RunTime:0.0008s ]
SQL: INSERT INTO `bus_city` (`city_name`,`city_pinyin`,`province_id`) VALUES ('天津','tianjin','28') [ RunTime:0.0306s ]
SQL: SELECT * FROM `bus_province` WHERE ( province_name = '西藏' ) LIMIT 1   [ RunTime:0.0004s ]
SQL: INSERT INTO `bus_city` (`city_name`,`city_pinyin`,`province_id`) VALUES ('拉萨','lasa','29') [ RunTime:0.0318s ]
SQL: INSERT INTO `bus_city` (`city_name`,`city_pinyin`,`province_id`) VALUES ('日喀则','rikaze','29') [ RunTime:0.0329s ]
SQL: SELECT * FROM `bus_province` WHERE ( province_name = '香港' ) LIMIT 1   [ RunTime:0.0005s ]
SQL: INSERT INTO `bus_city` (`city_name`,`city_pinyin`,`province_id`) VALUES ('香港','hongkong','30') [ RunTime:0.0321s ]
SQL: SELECT * FROM `bus_province` WHERE ( province_name = '新疆' ) LIMIT 1   [ RunTime:0.0005s ]
SQL: INSERT INTO `bus_city` (`city_name`,`city_pinyin`,`province_id`) VALUES ('阿克苏','akesu','31') [ RunTime:0.0321s ]
SQL: INSERT INTO `bus_city` (`city_name`,`city_pinyin`,`province_id`) VALUES ('博乐','bole','31') [ RunTime:0.0328s ]
SQL: INSERT INTO `bus_city` (`city_name`,`city_pinyin`,`province_id`) VALUES ('昌吉','changji','31') [ RunTime:0.0329s ]
SQL: INSERT INTO `bus_city` (`city_name`,`city_pinyin`,`province_id`) VALUES ('哈密','hami','31') [ RunTime:0.0331s ]
SQL: INSERT INTO `bus_city` (`city_name`,`city_pinyin`,`province_id`) VALUES ('和田','hetian','31') [ RunTime:0.0322s ]
SQL: INSERT INTO `bus_city` (`city_name`,`city_pinyin`,`province_id`) VALUES ('喀什','kashen','31') [ RunTime:0.0327s ]
SQL: INSERT INTO `bus_city` (`city_name`,`city_pinyin`,`province_id`) VALUES ('克拉玛依','kelamayi','31') [ RunTime:0.0329s ]
SQL: INSERT INTO `bus_city` (`city_name`,`city_pinyin`,`province_id`) VALUES ('库尔勒','kuerle','31') [ RunTime:0.0318s ]
SQL: INSERT INTO `bus_city` (`city_name`,`city_pinyin`,`province_id`) VALUES ('奎屯','kuitun','31') [ RunTime:0.0327s ]
SQL: INSERT INTO `bus_city` (`city_name`,`city_pinyin`,`province_id`) VALUES ('石河子','shihezi','31') [ RunTime:0.0328s ]
SQL: INSERT INTO `bus_city` (`city_name`,`city_pinyin`,`province_id`) VALUES ('塔城','tacheng','31') [ RunTime:0.0329s ]
SQL: INSERT INTO `bus_city` (`city_name`,`city_pinyin`,`province_id`) VALUES ('吐鲁番','tulufan','31') [ RunTime:0.0330s ]
SQL: INSERT INTO `bus_city` (`city_name`,`city_pinyin`,`province_id`) VALUES ('乌鲁木齐','wulumuqi','31') [ RunTime:0.0325s ]
SQL: INSERT INTO `bus_city` (`city_name`,`city_pinyin`,`province_id`) VALUES ('伊犁','yili','31') [ RunTime:0.0319s ]
SQL: INSERT INTO `bus_city` (`city_name`,`city_pinyin`,`province_id`) VALUES ('伊宁','yining','31') [ RunTime:0.0328s ]
SQL: SELECT * FROM `bus_province` WHERE ( province_name = '云南' ) LIMIT 1   [ RunTime:0.0003s ]
SQL: INSERT INTO `bus_city` (`city_name`,`city_pinyin`,`province_id`) VALUES ('安宁','anning','32') [ RunTime:0.0323s ]
SQL: INSERT INTO `bus_city` (`city_name`,`city_pinyin`,`province_id`) VALUES ('保山','baoshan','32') [ RunTime:0.0329s ]
SQL: INSERT INTO `bus_city` (`city_name`,`city_pinyin`,`province_id`) VALUES ('楚雄','chuxiong','32') [ RunTime:0.0332s ]
SQL: INSERT INTO `bus_city` (`city_name`,`city_pinyin`,`province_id`) VALUES ('大理','dali','32') [ RunTime:0.0322s ]
SQL: INSERT INTO `bus_city` (`city_name`,`city_pinyin`,`province_id`) VALUES ('个旧','gejiu','32') [ RunTime:0.0327s ]
SQL: INSERT INTO `bus_city` (`city_name`,`city_pinyin`,`province_id`) VALUES ('建水','jianshui','32') [ RunTime:0.0329s ]
SQL: INSERT INTO `bus_city` (`city_name`,`city_pinyin`,`province_id`) VALUES ('景洪','jinghong','32') [ RunTime:0.0328s ]
SQL: INSERT INTO `bus_city` (`city_name`,`city_pinyin`,`province_id`) VALUES ('开远','kaiyuan','32') [ RunTime:0.0332s ]
SQL: INSERT INTO `bus_city` (`city_name`,`city_pinyin`,`province_id`) VALUES ('昆明','kunming','32') [ RunTime:0.0325s ]
SQL: INSERT INTO `bus_city` (`city_name`,`city_pinyin`,`province_id`) VALUES ('丽江','lijiang','32') [ RunTime:0.0329s ]
SQL: INSERT INTO `bus_city` (`city_name`,`city_pinyin`,`province_id`) VALUES ('临沧','lincang','32') [ RunTime:0.0328s ]
SQL: INSERT INTO `bus_city` (`city_name`,`city_pinyin`,`province_id`) VALUES ('潞西','luxi2','32') [ RunTime:0.0329s ]
SQL: INSERT INTO `bus_city` (`city_name`,`city_pinyin`,`province_id`) VALUES ('曲靖','qujing','32') [ RunTime:0.0332s ]
SQL: INSERT INTO `bus_city` (`city_name`,`city_pinyin`,`province_id`) VALUES ('石林','shilin','32') [ RunTime:0.0321s ]
SQL: INSERT INTO `bus_city` (`city_name`,`city_pinyin`,`province_id`) VALUES ('思茅','simao','32') [ RunTime:0.0322s ]
SQL: INSERT INTO `bus_city` (`city_name`,`city_pinyin`,`province_id`) VALUES ('腾冲','tengchong','32') [ RunTime:0.0325s ]
SQL: INSERT INTO `bus_city` (`city_name`,`city_pinyin`,`province_id`) VALUES ('香格里拉','xianggelila','32') [ RunTime:0.0329s ]
SQL: INSERT INTO `bus_city` (`city_name`,`city_pinyin`,`province_id`) VALUES ('玉溪','yuxi','32') [ RunTime:0.0328s ]
SQL: INSERT INTO `bus_city` (`city_name`,`city_pinyin`,`province_id`) VALUES ('昭通','zhaotong','32') [ RunTime:0.0330s ]
SQL: SELECT * FROM `bus_province` WHERE ( province_name = '浙江' ) LIMIT 1   [ RunTime:0.0004s ]
SQL: INSERT INTO `bus_city` (`city_name`,`city_pinyin`,`province_id`) VALUES ('慈溪','cixi','33') [ RunTime:0.0322s ]
SQL: INSERT INTO `bus_city` (`city_name`,`city_pinyin`,`province_id`) VALUES ('东阳','dongyang','33') [ RunTime:0.0320s ]
SQL: INSERT INTO `bus_city` (`city_name`,`city_pinyin`,`province_id`) VALUES ('奉化','fenghua','33') [ RunTime:0.0329s ]
SQL: INSERT INTO `bus_city` (`city_name`,`city_pinyin`,`province_id`) VALUES ('富阳','fuyang2','33') [ RunTime:0.0329s ]
SQL: INSERT INTO `bus_city` (`city_name`,`city_pinyin`,`province_id`) VALUES ('海宁','haining','33') [ RunTime:0.0330s ]
SQL: INSERT INTO `bus_city` (`city_name`,`city_pinyin`,`province_id`) VALUES ('杭州','hangzhou','33') [ RunTime:0.0318s ]
SQL: INSERT INTO `bus_city` (`city_name`,`city_pinyin`,`province_id`) VALUES ('湖州','huzhou','33') [ RunTime:0.0328s ]
SQL: INSERT INTO `bus_city` (`city_name`,`city_pinyin`,`province_id`) VALUES ('嘉善','jiashan','33') [ RunTime:0.0329s ]
SQL: INSERT INTO `bus_city` (`city_name`,`city_pinyin`,`province_id`) VALUES ('嘉兴','jiaxing','33') [ RunTime:0.0331s ]
SQL: INSERT INTO `bus_city` (`city_name`,`city_pinyin`,`province_id`) VALUES ('建德','jiande','33') [ RunTime:0.0322s ]
SQL: INSERT INTO `bus_city` (`city_name`,`city_pinyin`,`province_id`) VALUES ('金华','jinhua','33') [ RunTime:0.0327s ]
SQL: INSERT INTO `bus_city` (`city_name`,`city_pinyin`,`province_id`) VALUES ('丽水','lishui','33') [ RunTime:0.0325s ]
SQL: INSERT INTO `bus_city` (`city_name`,`city_pinyin`,`province_id`) VALUES ('临安','linan','33') [ RunTime:0.0328s ]
SQL: INSERT INTO `bus_city` (`city_name`,`city_pinyin`,`province_id`) VALUES ('临海','linhai','33') [ RunTime:0.0330s ]
SQL: INSERT INTO `bus_city` (`city_name`,`city_pinyin`,`province_id`) VALUES ('宁波','ningbo','33') [ RunTime:0.0329s ]
SQL: INSERT INTO `bus_city` (`city_name`,`city_pinyin`,`province_id`) VALUES ('宁海','ninghai','33') [ RunTime:0.0329s ]
SQL: INSERT INTO `bus_city` (`city_name`,`city_pinyin`,`province_id`) VALUES ('平湖','pinghu','33') [ RunTime:0.0329s ]
SQL: INSERT INTO `bus_city` (`city_name`,`city_pinyin`,`province_id`) VALUES ('衢州','quzhou','33') [ RunTime:0.0328s ]
SQL: INSERT INTO `bus_city` (`city_name`,`city_pinyin`,`province_id`) VALUES ('瑞安','ruian','33') [ RunTime:0.0329s ]
SQL: INSERT INTO `bus_city` (`city_name`,`city_pinyin`,`province_id`) VALUES ('上虞','shangyu','33') [ RunTime:0.0328s ]
SQL: INSERT INTO `bus_city` (`city_name`,`city_pinyin`,`province_id`) VALUES ('绍兴','shaoxing','33') [ RunTime:0.0331s ]
SQL: INSERT INTO `bus_city` (`city_name`,`city_pinyin`,`province_id`) VALUES ('台州','taizhou2','33') [ RunTime:0.0323s ]
SQL: INSERT INTO `bus_city` (`city_name`,`city_pinyin`,`province_id`) VALUES ('桐庐','tonglu','33') [ RunTime:0.0330s ]
SQL: INSERT INTO `bus_city` (`city_name`,`city_pinyin`,`province_id`) VALUES ('桐乡','tongxiang','33') [ RunTime:0.0328s ]
SQL: INSERT INTO `bus_city` (`city_name`,`city_pinyin`,`province_id`) VALUES ('温岭','wenling','33') [ RunTime:0.0272s ]
SQL: INSERT INTO `bus_city` (`city_name`,`city_pinyin`,`province_id`) VALUES ('温州','wenzhou','33') [ RunTime:0.0274s ]
SQL: INSERT INTO `bus_city` (`city_name`,`city_pinyin`,`province_id`) VALUES ('象山','xiangshan','33') [ RunTime:0.0331s ]
SQL: INSERT INTO `bus_city` (`city_name`,`city_pinyin`,`province_id`) VALUES ('义乌','yiwu','33') [ RunTime:0.0319s ]
SQL: INSERT INTO `bus_city` (`city_name`,`city_pinyin`,`province_id`) VALUES ('永康','yongkang','33') [ RunTime:0.0330s ]
SQL: INSERT INTO `bus_city` (`city_name`,`city_pinyin`,`province_id`) VALUES ('余姚','yuyao','33') [ RunTime:0.0328s ]
SQL: INSERT INTO `bus_city` (`city_name`,`city_pinyin`,`province_id`) VALUES ('玉环','yuhuan','33') [ RunTime:0.0333s ]
SQL: INSERT INTO `bus_city` (`city_name`,`city_pinyin`,`province_id`) VALUES ('舟山','zhoushan','33') [ RunTime:0.0322s ]
SQL: INSERT INTO `bus_city` (`city_name`,`city_pinyin`,`province_id`) VALUES ('诸暨','zhuji','33') [ RunTime:0.0325s ]
SQL: SELECT * FROM `bus_province` WHERE ( province_name = '重庆' ) LIMIT 1   [ RunTime:0.0004s ]
SQL: INSERT INTO `bus_city` (`city_name`,`city_pinyin`,`province_id`) VALUES ('涪陵','fuling','34') [ RunTime:0.0322s ]
SQL: INSERT INTO `bus_city` (`city_name`,`city_pinyin`,`province_id`) VALUES ('合川','hechuan','34') [ RunTime:0.0327s ]
SQL: INSERT INTO `bus_city` (`city_name`,`city_pinyin`,`province_id`) VALUES ('江津','jiangjin','34') [ RunTime:0.0329s ]
SQL: INSERT INTO `bus_city` (`city_name`,`city_pinyin`,`province_id`) VALUES ('綦江','qijiang','34') [ RunTime:0.0329s ]
SQL: INSERT INTO `bus_city` (`city_name`,`city_pinyin`,`province_id`) VALUES ('重庆','chongqing','34') [ RunTime:0.0328s ]

